0 info it worked if it ends with ok
1 verbose cli [ 'node', '/usr/local/bin/npm', 'start' ]
2 info using npm@3.3.9
3 info using node@v0.12.7
4 verbose run-script [ 'prestart', 'start', 'poststart' ]
5 info lifecycle sigyeiswatch@0.0.0~prestart: sigyeiswatch@0.0.0
6 silly lifecycle sigyeiswatch@0.0.0~prestart: no script for prestart, continuing
7 info lifecycle sigyeiswatch@0.0.0~start: sigyeiswatch@0.0.0
8 verbose lifecycle sigyeiswatch@0.0.0~start: unsafe-perm in lifecycle true
9 verbose lifecycle sigyeiswatch@0.0.0~start: PATH: /usr/local/lib/node_modules/npm/bin/node-gyp-bin:/home/ubuntu/sigyeiswatch/node_modules/.bin:/usr/local/sbin:/usr/local/bin:/usr/sbin:/usr/bin:/sbin:/bin:/usr/games:/usr/local/games
10 verbose lifecycle sigyeiswatch@0.0.0~start: CWD: /home/ubuntu/sigyeiswatch
11 silly lifecycle sigyeiswatch@0.0.0~start: Args: [ '-c', 'node ./bin/www' ]
12 silly lifecycle sigyeiswatch@0.0.0~start: Returned: code: 1  signal: null
13 info lifecycle sigyeiswatch@0.0.0~start: Failed to exec start script
14 verbose stack Error: sigyeiswatch@0.0.0 start: `node ./bin/www`
14 verbose stack Exit status 1
14 verbose stack     at EventEmitter.<anonymous> (/usr/local/lib/node_modules/npm/lib/utils/lifecycle.js:233:16)
14 verbose stack     at EventEmitter.emit (events.js:110:17)
14 verbose stack     at ChildProcess.<anonymous> (/usr/local/lib/node_modules/npm/lib/utils/spawn.js:24:14)
14 verbose stack     at ChildProcess.emit (events.js:110:17)
14 verbose stack     at maybeClose (child_process.js:1015:16)
14 verbose stack     at Process.ChildProcess._handle.onexit (child_process.js:1087:5)
15 verbose pkgid sigyeiswatch@0.0.0
16 verbose cwd /home/ubuntu/sigyeiswatch/lib
17 error Linux 3.13.0-48-generic
18 error argv "node" "/usr/local/bin/npm" "start"
19 error node v0.12.7
20 error npm  v3.3.9
21 error code ELIFECYCLE
22 error sigyeiswatch@0.0.0 start: `node ./bin/www`
22 error Exit status 1
23 error Failed at the sigyeiswatch@0.0.0 start script 'node ./bin/www'.
23 error This is most likely a problem with the sigyeiswatch package,
23 error not with npm itself.
23 error Tell the author that this fails on your system:
23 error     node ./bin/www
23 error You can get their info via:
23 error     npm owner ls sigyeiswatch
23 error There is likely additional logging output above.
24 verbose exit [ 1, true ]
